app/build/outputs/proguard/release/mapping.txt
com.murrayc.galaxyzoo.app.BaseActivity -> com.murrayc.galaxyzoo.app.a:
    void onCreate(android.os.Bundle) -> onCreate
    void navigate(java.lang.String,boolean) -> a
    boolean onOptionsItemSelected(android.view.MenuItem) -> onOptionsItemSelected
    void showUpButton() -> f
com.murrayc.galaxyzoo.app.BaseQuestionFragment -> com.murrayc.galaxyzoo.app.b:
    java.lang.String mQuestionId -> P
    java.lang.String getQuestionId() -> B
    void setQuestionId(java.lang.String) -> a
    com.murrayc.galaxyzoo.app.DecisionTree$Question getQuestion() -> C
    android.graphics.drawable.BitmapDrawable getIcon(android.content.Context,com.murrayc.galaxyzoo.app.DecisionTree$BaseButton) -> a
com.murrayc.galaxyzoo.app.ClassifyActivity -> com.murrayc.galaxyzoo.app.ClassifyActivity:
    int mClassificationsDoneInSession -> n
    void onCreate(android.os.Bundle) -> onCreate
    boolean onOptionsItemSelected(android.view.MenuItem) -> onOptionsItemSelected
    void onClassificationFinished() -> g
com.murrayc.galaxyzoo.app.ClassifyFragment -> com.murrayc.galaxyzoo.app.c:
    java.lang.String[] mColumns -> R
    android.database.Cursor mCursor -> S
    android.view.View mLoadingView -> T
    android.view.View mRootView -> U
    boolean $assertionsDisabled -> P
    android.view.View onCreateView(android.view.LayoutInflater,android.view.ViewGroup,android.os.Bundle) -> a
    void onCreateOptionsMenu(android.view.Menu,android.view.MenuInflater) -> a
    void onSingletonInitialized() -> a_
    void showLoadingView(boolean) -> c
    void addOrUpdateChildFragments() -> G
    void update() -> C
    void updateFromCursor() -> K
    android.support.v4.content.Loader onCreateLoader(int,android.os.Bundle) -> a
    void onLoadFinished(android.support.v4.content.Loader,android.database.Cursor) -> a
    void onLoaderReset(android.support.v4.content.Loader) -> a
    void onLoadFinished(android.support.v4.content.Loader,java.lang.Object) -> a
com.murrayc.galaxyzoo.app.Config -> com.murrayc.galaxyzoo.app.d:
    java.lang.CharSequence QUESTION_ID_DISCUSS -> a
    java.lang.CharSequence ANSWER_ID_DISCUSS_YES -> b
com.murrayc.galaxyzoo.app.DecisionTree -> com.murrayc.galaxyzoo.app.e:
    java.util.Hashtable questionsMap -> a
    void loadTranslation(java.io.InputStream) -> a
    void readJsonQuestions(android.util.JsonReader) -> a
    void readJsonQuestion(android.util.JsonReader,com.murrayc.galaxyzoo.app.DecisionTree$Question) -> a
    void readJsonAnswers(android.util.JsonReader,java.util.List) -> a
    void readJsonCheckboxes(android.util.JsonReader,java.util.List) -> b
    com.murrayc.galaxyzoo.app.DecisionTree$Answer getAnswerWithId(java.util.List,java.lang.String) -> a
    com.murrayc.galaxyzoo.app.DecisionTree$Checkbox getCheckboxWithId(java.util.List,java.lang.String) -> b
    com.murrayc.galaxyzoo.app.DecisionTree$Question getFirstQuestion() -> a
    com.murrayc.galaxyzoo.app.DecisionTree$Question getQuestionOrFirst(java.lang.String) -> a
    com.murrayc.galaxyzoo.app.DecisionTree$Question getQuestion(java.lang.String) -> b
    com.murrayc.galaxyzoo.app.DecisionTree$Question getNextQuestionForAnswer(java.lang.String,java.lang.String) -> a
    java.util.List getAllQuestions() -> b
    java.util.List getChildrenByTagName(org.w3c.dom.Element,java.lang.String) -> a
    org.w3c.dom.Node getFirstChildByTagName(org.w3c.dom.Element,java.lang.String) -> b
    java.lang.String getTextOfChildNode(org.w3c.dom.Element,java.lang.String) -> c
    com.murrayc.galaxyzoo.app.DecisionTree$Question loadQuestion(org.w3c.dom.Element) -> a
com.murrayc.galaxyzoo.app.DecisionTree$Answer -> com.murrayc.galaxyzoo.app.f:
    java.lang.String leadsToQuestionId -> a
    java.lang.String access$000(com.murrayc.galaxyzoo.app.DecisionTree$Answer) -> a
...
android.support.v4.view.ViewPager$SavedState -> android.support.v4.view.ViewPager$SavedState:
    int position -> a
    android.os.Parcelable adapterState -> b
    java.lang.ClassLoader loader -> c
    android.os.Parcelable$Creator CREATOR -> CREATOR
    void writeToParcel(android.os.Parcel,int) -> writeToParcel
    java.lang.String toString() -> toString
android.support.v4.view.ViewPager$SavedState$1 -> android.support.v4.view.bh:
    android.support.v4.view.ViewPager$SavedState createFromParcel(android.os.Parcel,java.lang.ClassLoader) -> b
    android.support.v4.view.ViewPager$SavedState[] newArray(int) -> b
    java.lang.Object[] newArray(int) -> a
    java.lang.Object createFromParcel(android.os.Parcel,java.lang.ClassLoader) -> a
android.support.v4.view.ViewPager$ViewPositionComparator -> android.support.v4.view.bi:
    int compare(android.view.View,android.view.View) -> a
    int compare(java.lang.Object,java.lang.Object) -> compare
android.support.v4.widget.DrawerLayout -> android.support.v4.widget.DrawerLayout:
    int[] LAYOUT_ATTRS -> a
    android.support.v4.widget.DrawerLayout$ChildAccessibilityDelegate mChildAccessibilityDelegate -> b
    int mMinDrawerMargin -> c
    int mScrimColor -> d
    float mScrimOpacity -> e
    android.graphics.Paint mScrimPaint -> f
    android.support.v4.widget.ViewDragHelper mLeftDragger -> g
    android.support.v4.widget.ViewDragHelper mRightDragger -> h
    android.support.v4.widget.DrawerLayout$ViewDragCallback mLeftCallback -> i
    android.support.v4.widget.DrawerLayout$ViewDragCallback mRightCallback -> j
    int mDrawerState -> k
    boolean mInLayout -> l
    boolean mFirstLayout -> m
    int mLockModeLeft -> n
    int mLockModeRight -> o
    boolean mDisallowInterceptRequested -> p
    boolean mChildrenCanceledTouch -> q
    android.support.v4.widget.DrawerLayout$DrawerListener mListener -> r
    float mInitialMotionX -> s
    float mInitialMotionY -> t
    android.graphics.drawable.Drawable mShadowLeft -> u
    android.graphics.drawable.Drawable mShadowRight -> v
    void setScrimColor(int) -> setScrimColor
    void setDrawerListener(android.support.v4.widget.DrawerLayout$DrawerListener) -> setDrawerListener
    void setDrawerLockMode(int) -> setDrawerLockMode
    void setDrawerLockMode(int,int) -> a
    int getDrawerLockMode(android.view.View) -> a
    void updateDrawerState(int,int,android.view.View) -> a
android.support.v4.widget.DrawerLayout$ChildAccessibilityDelegate -> android.support.v4.widget.a:
android.support.v4.widget.DrawerLayout$DrawerListener -> android.support.v4.widget.b:
    void onDrawerSlide(android.view.View,float) -> a
    void onDrawerOpened(android.view.View) -> a
    void onDrawerClosed(android.view.View) -> b
    void onDrawerStateChanged(int) -> a
android.support.v4.widget.DrawerLayout$LayoutParams -> android.support.v4.widget.c:
    int gravity -> a
    float onScreen -> b
    boolean isPeeking -> c
    boolean knownOpen -> d
android.support.v4.widget.DrawerLayout$SavedState -> android.support.v4.widget.DrawerLayout$SavedState:
    int openDrawerGravity -> a
    int lockModeLeft -> b
    int lockModeRight -> c
    android.os.Parcelable$Creator CREATOR -> CREATOR
    void writeToParcel(android.os.Parcel,int) -> writeToParcel
android.support.v4.widget.DrawerLayout$SavedState$1 -> android.support.v4.widget.d:
    android.support.v4.widget.DrawerLayout$SavedState createFromParcel(android.os.Parcel) -> a
    android.support.v4.widget.DrawerLayout$SavedState[] newArray(int) -> a
    java.lang.Object[] newArray(int) -> newArray
    java.lang.Object createFromParcel(android.os.Parcel) -> createFromParcel